<?xml version="1.0" encoding="UTF-8"?>
<!-- Generated by org.testng.reporters.JUnitReportReporter -->
<testsuite hostname="DESKTOP-MT8P8LQ" failures="0" tests="3" name="com.qa.testCases.SearchTest" time="16.342" errors="0" timestamp="2024-12-28T12:31:50 IST" skipped="1">
  <testcase classname="com.qa.testCases.SearchTest" name="searchProduct01" time="7.300"/>
  <system-out/>
  <testcase classname="com.qa.testCases.SearchTest" name="searchProduct02" time="3.966">
    <skipped/>
  </testcase> <!-- searchProduct02 -->
  <system-out/>
  <testcase classname="com.qa.testCases.SearchTest" name="searchProduct03" time="5.076"/>
  <system-out/>
</testsuite> <!-- com.qa.testCases.SearchTest -->
