<?xml version="1.0" encoding="UTF-8"?>
<!-- Generated by org.testng.reporters.JUnitReportReporter -->
<testsuite hostname="SUNB-Abhishek-Thakre" failures="0" tests="2" name="com.qa.test.testNgPeactice001.Test001" time="0.010" errors="0" timestamp="2024-05-15T12:52:11 IST" skipped="0">
  <testcase classname="com.qa.test.testNgPeactice001.Test001" name="testme1" time="0.002"/>
  <system-out/>
  <testcase classname="com.qa.test.testNgPeactice001.Test001" name="testme" time="0.008"/>
  <system-out/>
</testsuite> <!-- com.qa.test.testNgPeactice001.Test001 -->
