<?xml version="1.0" encoding="UTF-8"?>
<!-- Generated by org.testng.reporters.JUnitReportReporter -->
<testsuite hostname="DESKTOP-MT8P8LQ" failures="0" tests="3" name="com.qa.testCases.LoginTest" time="10.360" errors="0" timestamp="2024-12-28T11:49:28 IST" skipped="1">
  <testcase classname="com.qa.testCases.LoginTest" name="loginWithInvalidCredentials" time="4.754"/>
  <system-out/>
  <testcase classname="com.qa.testCases.LoginTest" name="loginWithNoCredentials" time="5.606"/>
  <system-out/>
  <testcase classname="com.qa.testCases.LoginTest" name="loginWithValidCredentials">
    <skipped/>
  </testcase> <!-- loginWithValidCredentials -->
  <system-out/>
</testsuite> <!-- com.qa.testCases.LoginTest -->
