<?xml version="1.0" encoding="UTF-8"?>
<!-- Generated by org.testng.reporters.JUnitReportReporter -->
<testsuite hostname="DESKTOP-MT8P8LQ" failures="0" tests="3" name="com.qa.testCases.LogoutTest" time="12.157" errors="0" timestamp="2024-12-28T11:35:38 IST" skipped="0">
  <testcase classname="com.qa.testCases.LogoutTest" name="logoutTest01" time="3.970"/>
  <system-out/>
  <testcase classname="com.qa.testCases.LogoutTest" name="logoutTest02" time="3.910"/>
  <system-out/>
  <testcase classname="com.qa.testCases.LogoutTest" name="logoutTest03" time="4.277"/>
  <system-out/>
</testsuite> <!-- com.qa.testCases.LogoutTest -->
